
Executing(%prep): /bin/sh -e /var/tmp/rpm-tmp.ZBPisf
drwxrwxr-x zimmerle/zimmerle 0 2019-12-12 14:19 modsecurity-nginx-v1.0.1/
-rw-rw-r-- zimmerle/zimmerle 11357 2015-07-06 21:06 modsecurity-nginx-v1.0.1/LICENSE
-rwxr-xr-x zimmerle/zimmerle   734 2018-02-19 18:50 modsecurity-nginx-v1.0.1/ngx-modsec.stp
-rw-r--r-- zimmerle/zimmerle    96 2017-12-22 17:58 modsecurity-nginx-v1.0.1/AUTHORS
drwxrwxr-x zimmerle/zimmerle     0 2019-12-12 14:19 modsecurity-nginx-v1.0.1/src/
-rw-r--r-- zimmerle/zimmerle  2331 2017-12-20 15:04 modsecurity-nginx-v1.0.1/src/ddebug.h
-rw-r--r-- zimmerle/zimmerle 22258 2019-12-11 19:43 modsecurity-nginx-v1.0.1/src/ngx_http_modsecurity_module.c
-rw-r--r-- zimmerle/zimmerle  7257 2019-12-11 19:43 modsecurity-nginx-v1.0.1/src/ngx_http_modsecurity_rewrite.c
-rw-r--r-- zimmerle/zimmerle  5863 2019-12-11 19:43 modsecurity-nginx-v1.0.1/src/ngx_http_modsecurity_body_filter.c
-rw-r--r-- zimmerle/zimmerle 17501 2019-12-11 19:43 modsecurity-nginx-v1.0.1/src/ngx_http_modsecurity_header_filter.c
-rw-r--r-- zimmerle/zimmerle  6540 2019-12-11 19:43 modsecurity-nginx-v1.0.1/src/ngx_http_modsecurity_pre_access.c
-rw-r--r-- zimmerle/zimmerle  2117 2019-12-11 19:43 modsecurity-nginx-v1.0.1/src/ngx_http_modsecurity_log.c
-rw-r--r-- zimmerle/zimmerle  4911 2019-12-11 19:43 modsecurity-nginx-v1.0.1/src/ngx_http_modsecurity_common.h
-rw-r--r-- zimmerle/zimmerle  7194 2019-12-11 19:43 modsecurity-nginx-v1.0.1/config
-rw-r--r-- zimmerle/zimmerle  9154 2019-12-11 19:43 modsecurity-nginx-v1.0.1/README.md
drwxrwxr-x zimmerle/zimmerle     0 2019-12-12 14:19 modsecurity-nginx-v1.0.1/tests/
-rw-r--r-- zimmerle/zimmerle  6849 2019-12-11 19:43 modsecurity-nginx-v1.0.1/tests/modsecurity-proxy.t
-rw-r--r-- zimmerle/zimmerle  4258 2019-12-11 19:43 modsecurity-nginx-v1.0.1/tests/modsecurity-transaction-id.t
-rw-r--r-- zimmerle/zimmerle  2337 2017-03-07 19:49 modsecurity-nginx-v1.0.1/tests/modsecurity-scoring.t
-rw-rw-r-- zimmerle/zimmerle   335 2015-07-06 21:06 modsecurity-nginx-v1.0.1/tests/README.md
-rw-r--r-- zimmerle/zimmerle  7869 2017-12-22 17:58 modsecurity-nginx-v1.0.1/tests/modsecurity-config-auditlog.t
-rw-r--r-- zimmerle/zimmerle   995 2017-03-07 19:49 modsecurity-nginx-v1.0.1/tests/nginx-tests-cvt.pl
-rw-r--r-- zimmerle/zimmerle  7873 2019-12-11 19:43 modsecurity-nginx-v1.0.1/tests/modsecurity-request-body-h2.t
-rw-r--r-- zimmerle/zimmerle  7029 2019-12-11 19:43 modsecurity-nginx-v1.0.1/tests/modsecurity-h2.t
-rw-r--r-- zimmerle/zimmerle  3945 2017-06-16 23:40 modsecurity-nginx-v1.0.1/tests/modsecurity-config-debuglog.t
-rw-r--r-- zimmerle/zimmerle  6113 2019-12-11 19:43 modsecurity-nginx-v1.0.1/tests/modsecurity.t
-rw-r--r-- zimmerle/zimmerle  7677 2019-12-11 19:43 modsecurity-nginx-v1.0.1/tests/modsecurity-request-body.t
-rw-r--r-- zimmerle/zimmerle  1328 2017-03-07 19:49 modsecurity-nginx-v1.0.1/tests/modsecurity-response-body.t
-rw-r--r-- zimmerle/zimmerle  8964 2019-12-11 19:43 modsecurity-nginx-v1.0.1/tests/modsecurity-proxy-h2.t
-rw-r--r-- zimmerle/zimmerle  3775 2017-06-16 23:40 modsecurity-nginx-v1.0.1/tests/modsecurity-config.t
-rw-r--r-- zimmerle/zimmerle  6018 2019-12-11 19:43 modsecurity-nginx-v1.0.1/tests/modsecurity-config-merge.t
-rw-r--r-- zimmerle/zimmerle   963 2019-12-11 19:43 modsecurity-nginx-v1.0.1/.travis.yml
-rwxr-xr-x zimmerle/zimmerle   401 2018-02-19 18:51 modsecurity-nginx-v1.0.1/release.sh
-rw-r--r-- zimmerle/zimmerle  1600 2019-12-11 19:44 modsecurity-nginx-v1.0.1/CHANGES
Patch #0 (nginx-auto-cc-gcc.patch):
patching file auto/cc/gcc
Hunk #1 succeeded at 166 (offset -6 lines).
Executing(%build): /bin/sh -e /var/tmp/rpm-tmp.ZkjUPd
checking for OS
 + Linux 5.4.13-201.fc31.x86_64 x86_64
checking for C compiler ... found
 + using GNU C compiler
 + gcc version: 9.2.1 20190827 (Red Hat 9.2.1-1) (GCC) 
checking for gcc -pipe switch ... found
checking for --with-ld-opt="-Wl,-z,relro -Wl,--as-needed  -Wl,-z,now -specs=/usr/lib/rpm/redhat/redhat-hardened-ld -Wl,-E" ... found
checking for -Wl,-E switch ... found
checking for gcc builtin atomic operations ... found
checking for C99 variadic macros ... found
checking for gcc variadic macros ... found
checking for gcc builtin 64 bit byteswap ... found
checking for unistd.h ... found
checking for inttypes.h ... found
checking for limits.h ... found
checking for sys/filio.h ... not found
checking for sys/param.h ... found
checking for sys/mount.h ... found
checking for sys/statvfs.h ... found
checking for crypt.h ... found
checking for Linux specific features
checking for epoll ... found
checking for EPOLLRDHUP ... found
checking for EPOLLEXCLUSIVE ... found
checking for O_PATH ... found
checking for sendfile() ... found
checking for sendfile64() ... found
checking for sys/prctl.h ... found
checking for prctl(PR_SET_DUMPABLE) ... found
checking for prctl(PR_SET_KEEPCAPS) ... found
checking for capabilities ... found
checking for crypt_r() ... found
checking for sys/vfs.h ... found
checking for poll() ... found
checking for /dev/poll ... not found
checking for kqueue ... not found
checking for crypt() ... not found
checking for crypt() in libcrypt ... found
checking for F_READAHEAD ... not found
checking for posix_fadvise() ... found
checking for O_DIRECT ... found
checking for F_NOCACHE ... not found
checking for directio() ... not found
checking for statfs() ... found
checking for statvfs() ... found
checking for dlopen() ... not found
checking for dlopen() in libdl ... found
checking for sched_yield() ... found
checking for sched_setaffinity() ... found
checking for SO_SETFIB ... not found
checking for SO_REUSEPORT ... found
checking for SO_ACCEPTFILTER ... not found
checking for SO_BINDANY ... not found
checking for IP_TRANSPARENT ... found
checking for IP_BINDANY ... not found
checking for IP_BIND_ADDRESS_NO_PORT ...